<?xml version="1.0" encoding="utf-8"?>
<testsuites disabled="0" errors="0" failures="67" tests="79" time="60.07122917599918">
	<testsuite disabled="0" errors="0" failures="67" name="schemathesis" skipped="78" tests="79" time="60.07122917599918" hostname="serpro-1556850">
		<testcase name="POST /oauth/v1/oauth/aplicativos/solicitacao/assinatura" time="1.546753">
			<failure type="failure" message="1. Test Case ID: pk1p7a

- API rejected schema-compliant request

    Valid data should have been accepted
    Expected: 2xx, 401, 403, 404, 409, 5xx

- Undocumented HTTP status code

    Received: 415
    Documented: 200, 400, 401, 403, 404, 500

[415] Unsupported Media Type:

    `[{&quot;error_description&quot;:[&quot;RESTEASY003065: Cannot consume content type&quot;],&quot;error&quot;:&quot;Http exception&quot;}]`

Reproduce with:

    curl -X POST 'https://hom.serproid.serpro.gov.br/oauth/v1/oauth/aplicativos/solicitacao/assinatura?dto='"/>
			<skipped type="skipped">No examples in schema</skipped>
		</testcase>
		<testcase name="POST /oauth/v1/oauth/aplicativos/solicitacao/autenticacao/ni/{ni}" time="1.723274">
			<skipped type="skipped">No examples in schema</skipped>
		</testcase>
		<testcase name="POST /oauth/v1/oauth/applications/{clientId}/activation" time="0.824261">
			<failure type="failure" message="1. Test Case ID: OnbKe9

- API rejected schema-compliant request

    Valid data should have been accepted
    Expected: 2xx, 401, 403, 404, 409, 5xx

- Undocumented HTTP status code

    Received: 412
    Documented: 200, 400, 401, 403, 404, 500

[412] Precondition Failed:

    `{&quot;code&quot;:&quot;CLIENTE_OAUTH_NAO_IDENTIFICADO&quot;,&quot;msg&quot;:&quot;Não foi possível identificar a aplicação cliente.&quot;,&quot;debug&quot;:&quot;&quot;}`

Reproduce with:

    curl -X POST https://hom.serproid.serpro.gov.br/oauth/v1/oauth/applications/0/activation"/>
			<skipped type="skipped">No examples in schema</skipped>
		</testcase>
		<testcase name="POST /oauth/v1/oauth/applications/{clientId}/redirect-uris" time="0.187715">
			<failure type="failure" message="1. Test Case ID: bcEnxT

- Undocumented HTTP status code

    Received: 415
    Documented: 200, 400, 401, 403, 404, 500

[415] Unsupported Media Type:

    `[{&quot;error_description&quot;:[&quot;RESTEASY003065: Cannot consume content type&quot;],&quot;error&quot;:&quot;Http exception&quot;}]`

Reproduce with:

    curl -X POST 'https://hom.serproid.serpro.gov.br/oauth/v1/oauth/applications/0/redirect-uris?token=%5BFiltered%5D&amp;x-schemathesis-unknown-property=42'"/>
			<failure type="failure" message="1. Test Case ID: 8C9gQN

- API rejected schema-compliant request

    Valid data should have been accepted
    Expected: 2xx, 401, 403, 404, 409, 5xx

[415] Unsupported Media Type:

    `[{&quot;error_description&quot;:[&quot;RESTEASY003065: Cannot consume content type&quot;],&quot;error&quot;:&quot;Http exception&quot;}]`

Reproduce with:

    curl -X POST -H 'Authorization: [Filtered]' https://hom.serproid.serpro.gov.br/oauth/v1/oauth/applications/0/redirect-uris"/>
			<skipped type="skipped">No examples in schema</skipped>
		</testcase>
		<testcase name="POST /oauth/v1/oauth/atualizacao-serproid-desktop/enviar-emails" time="1.685935">
			<skipped type="skipped">No examples in schema</skipped>
		</testcase>
		<testcase name="POST /oauth/v1/oauth/authorize/deny" time="1.691314">
			<skipped type="skipped">No examples in schema</skipped>
		</testcase>
		<testcase name="POST /oauth/v1/oauth/authorize/login-otp" time="2.297051">
			<skipped type="skipped">No examples in schema</skipped>
		</testcase>
		<testcase name="POST /oauth/v1/oauth/authorize/login-pin" time="2.357367">
			<skipped type="skipped">No examples in schema</skipped>
		</testcase>
		<testcase name="POST /oauth/v1/oauth/dispositivos/cadastrar-com-credencial-pedido/pedido/{numeroReferencia}" time="0.185147">
			<failure type="failure" message="1. Test Case ID: 7rMJpp

- Undocumented HTTP status code

    Received: 406
    Documented: 200, 400, 401, 403, 404, 500

[406] Not Acceptable:

    `{&quot;code&quot;:&quot;VERSAO_APP_INCOMPATIVEL&quot;,&quot;msg&quot;:&quot;Versão da aplicação incompatível com a versão atual.&quot;,&quot;debug&quot;:&quot;&quot;}`

Reproduce with:

    curl -X POST 'https://hom.serproid.serpro.gov.br/oauth/v1/oauth/dispositivos/cadastrar-com-credencial-pedido/pedido/0?cadastro=&amp;x-schemathesis-unknown-property=42'"/>
			<failure type="failure" message="1. Test Case ID: IQPI0h

- API rejected schema-compliant request

    Valid data should have been accepted
    Expected: 2xx, 401, 403, 404, 409, 5xx

[406] Not Acceptable:

    `{&quot;code&quot;:&quot;VERSAO_APP_INCOMPATIVEL&quot;,&quot;msg&quot;:&quot;Versão da aplicação incompatível com a versão atual.&quot;,&quot;debug&quot;:&quot;&quot;}`

Reproduce with:

    curl -X POST -H 'Authorization: [Filtered]' https://hom.serproid.serpro.gov.br/oauth/v1/oauth/dispositivos/cadastrar-com-credencial-pedido/pedido/0"/>
			<skipped type="skipped">No examples in schema</skipped>
		</testcase>
		<testcase name="POST /oauth/v1/oauth/dispositivos/email/otp/enviar" time="0.821167">
			<failure type="failure" message="1. Test Case ID: OMarBW

- API rejected schema-compliant request

    Valid data should have been accepted
    Expected: 2xx, 401, 403, 404, 409, 5xx

- Undocumented HTTP status code

    Received: 406
    Documented: 200, 400, 401, 403, 404, 500

[406] Not Acceptable:

    `{&quot;code&quot;:&quot;VERSAO_APP_INCOMPATIVEL&quot;,&quot;msg&quot;:&quot;Versão da aplicação incompatível com a versão atual.&quot;,&quot;debug&quot;:&quot;&quot;}`

Reproduce with:

    curl -X POST 'https://hom.serproid.serpro.gov.br/oauth/v1/oauth/dispositivos/email/otp/enviar?envioEmailDTO='"/>
			<skipped type="skipped">No examples in schema</skipped>
		</testcase>
		<testcase name="POST /oauth/v1/oauth/dispositivos/otp/validar" time="0.804904">
			<failure type="failure" message="1. Test Case ID: dDm07M

- API rejected schema-compliant request

    Valid data should have been accepted
    Expected: 2xx, 401, 403, 404, 409, 5xx

- Undocumented HTTP status code

    Received: 406
    Documented: 200, 400, 401, 403, 404, 500

[406] Not Acceptable:

    `{&quot;code&quot;:&quot;VERSAO_APP_INCOMPATIVEL&quot;,&quot;msg&quot;:&quot;Versão da aplicação incompatível com a versão atual.&quot;,&quot;debug&quot;:&quot;&quot;}`

Reproduce with:

    curl -X POST 'https://hom.serproid.serpro.gov.br/oauth/v1/oauth/dispositivos/otp/validar?validacaoOTP='"/>
			<skipped type="skipped">No examples in schema</skipped>
		</testcase>
		<testcase name="POST /oauth/v1/oauth/dispositivos/sms/otp/enviar" time="0.816807">
			<failure type="failure" message="1. Test Case ID: qr3WHH

- API rejected schema-compliant request

    Valid data should have been accepted
    Expected: 2xx, 401, 403, 404, 409, 5xx

- Undocumented HTTP status code

    Received: 406
    Documented: 200, 400, 401, 403, 404, 500

[406] Not Acceptable:

    `{&quot;code&quot;:&quot;VERSAO_APP_INCOMPATIVEL&quot;,&quot;msg&quot;:&quot;Versão da aplicação incompatível com a versão atual.&quot;,&quot;debug&quot;:&quot;&quot;}`

Reproduce with:

    curl -X POST 'https://hom.serproid.serpro.gov.br/oauth/v1/oauth/dispositivos/sms/otp/enviar?solicitacaoSMS='"/>
			<skipped type="skipped">No examples in schema</skipped>
		</testcase>
		<testcase name="POST /oauth/v1/oauth/dispositivos/{dispositivo}/chave/instalacao/{idInstalacao}" time="0.813065">
			<failure type="failure" message="1. Test Case ID: 8Loejl

- API rejected schema-compliant request

    Valid data should have been accepted
    Expected: 2xx, 401, 403, 404, 409, 5xx

- Undocumented HTTP status code

    Received: 406
    Documented: 200, 400, 401, 403, 404, 500

[406] Not Acceptable:

    `{&quot;code&quot;:&quot;VERSAO_APP_INCOMPATIVEL&quot;,&quot;msg&quot;:&quot;Versão da aplicação incompatível com a versão atual.&quot;,&quot;debug&quot;:&quot;&quot;}`

Reproduce with:

    curl -X POST 'https://hom.serproid.serpro.gov.br/oauth/v1/oauth/dispositivos/0/chave/instalacao/0?idDispositivo='"/>
			<skipped type="skipped">No examples in schema</skipped>
		</testcase>
		<testcase name="POST /oauth/v1/oauth/drivers/assinatura" time="0.181628">
			<failure type="failure" message="1. Test Case ID: CRVlOp

- Undocumented HTTP status code

    Received: 412
    Documented: 200, 400, 401, 403, 404, 500

[412] Precondition Failed:

    `{&quot;code&quot;:&quot;UUID_NAO_INFORMADO&quot;,&quot;msg&quot;:&quot;UUID não foi informado&quot;,&quot;debug&quot;:&quot;&quot;}`

Reproduce with:

    curl -X POST 'https://hom.serproid.serpro.gov.br/oauth/v1/oauth/drivers/assinatura?identUnicoMaquina=&amp;x-schemathesis-unknown-property=42'"/>
			<failure type="failure" message="1. Test Case ID: 3JvSFW

- API rejected schema-compliant request

    Valid data should have been accepted
    Expected: 2xx, 401, 403, 404, 409, 5xx

[412] Precondition Failed:

    `{&quot;code&quot;:&quot;UUID_NAO_INFORMADO&quot;,&quot;msg&quot;:&quot;UUID não foi informado&quot;,&quot;debug&quot;:&quot;&quot;}`

Reproduce with:

    curl -X POST -H 'Authorization: [Filtered]' https://hom.serproid.serpro.gov.br/oauth/v1/oauth/drivers/assinatura"/>
			<skipped type="skipped">No examples in schema</skipped>
		</testcase>
		<testcase name="POST /oauth/v1/oauth/drivers/maquina" time="1.123455">
			<skipped type="skipped">No examples in schema</skipped>
		</testcase>
		<testcase name="POST /oauth/v1/oauth/v2/drivers/assinatura" time="0.182533">
			<failure type="failure" message="1. Test Case ID: qwzNo8

- Undocumented HTTP status code

    Received: 412
    Documented: 200, 400, 401, 403, 404, 500

[412] Precondition Failed:

    `{&quot;code&quot;:&quot;UUID_NAO_INFORMADO&quot;,&quot;msg&quot;:&quot;UUID não foi informado&quot;,&quot;debug&quot;:&quot;&quot;}`

Reproduce with:

    curl -X POST 'https://hom.serproid.serpro.gov.br/oauth/v1/oauth/v2/drivers/assinatura?identUnicoMaquina=&amp;x-schemathesis-unknown-property=42'"/>
			<failure type="failure" message="1. Test Case ID: Tpe5oy

- API rejected schema-compliant request

    Valid data should have been accepted
    Expected: 2xx, 401, 403, 404, 409, 5xx

[412] Precondition Failed:

    `{&quot;code&quot;:&quot;UUID_NAO_INFORMADO&quot;,&quot;msg&quot;:&quot;UUID não foi informado&quot;,&quot;debug&quot;:&quot;&quot;}`

Reproduce with:

    curl -X POST -H 'Authorization: [Filtered]' https://hom.serproid.serpro.gov.br/oauth/v1/oauth/v2/drivers/assinatura"/>
			<skipped type="skipped">No examples in schema</skipped>
		</testcase>
		<testcase name="PUT /oauth/v1/oauth/applications/{clientId}" time="0.189888">
			<failure type="failure" message="1. Test Case ID: kk7Lin

- Undocumented HTTP status code

    Received: 415
    Documented: 200, 400, 401, 403, 404, 500

[415] Unsupported Media Type:

    `[{&quot;error_description&quot;:[&quot;RESTEASY003065: Cannot consume content type&quot;],&quot;error&quot;:&quot;Http exception&quot;}]`

Reproduce with:

    curl -X PUT 'https://hom.serproid.serpro.gov.br/oauth/v1/oauth/applications/0?token=%5BFiltered%5D&amp;x-schemathesis-unknown-property=42'"/>
			<failure type="failure" message="1. Test Case ID: hIJUKF

- API rejected schema-compliant request

    Valid data should have been accepted
    Expected: 2xx, 401, 403, 404, 409, 5xx

[415] Unsupported Media Type:

    `[{&quot;error_description&quot;:[&quot;RESTEASY003065: Cannot consume content type&quot;],&quot;error&quot;:&quot;Http exception&quot;}]`

Reproduce with:

    curl -X PUT -H 'Authorization: [Filtered]' https://hom.serproid.serpro.gov.br/oauth/v1/oauth/applications/0"/>
			<skipped type="skipped">No examples in schema</skipped>
		</testcase>
		<testcase name="GET /oauth/v1/oauth/aplicativos/solicitacao/assinatura/{id_solicitacao}/status" time="1.695081">
			<skipped type="skipped">No examples in schema</skipped>
		</testcase>
		<testcase name="GET /oauth/v1/oauth/aplicativos/solicitacao/autenticacao/{id_solicitacao}/status" time="1.677899">
			<skipped type="skipped">No examples in schema</skipped>
		</testcase>
		<testcase name="GET /oauth/v1/oauth/applications/{clientId}" time="1.608748">
			<skipped type="skipped">No examples in schema</skipped>
		</testcase>
		<testcase name="GET /oauth/v1/oauth/authorize/code" time="0.821151">
			<failure type="failure" message="1. Test Case ID: cXzxnE

- API rejected schema-compliant request

    Valid data should have been accepted
    Expected: 2xx, 401, 403, 404, 409, 5xx

- Undocumented HTTP status code

    Received: 405
    Documented: 200, 400, 401, 403, 404, 500

[405] Method Not Allowed:

    `[{&quot;error_description&quot;:[&quot;RESTEASY003650: No resource method found for GET, return 405 with Allow header&quot;],&quot;error&quot;:&quot;Http exception&quot;}]`

Reproduce with:

    curl -X GET 'https://hom.serproid.serpro.gov.br/oauth/v1/oauth/authorize/code?tokenAuth=%5BFiltered%5D'"/>
			<skipped type="skipped">No examples in schema</skipped>
		</testcase>
		<testcase name="GET /oauth/v1/oauth/authorize/session-scope/periods" time="0.915062">
			<skipped type="skipped">No examples in schema</skipped>
		</testcase>
		<testcase name="GET /oauth/v1/oauth/dispositivos/cadastrar" time="0.191118">
			<failure type="failure" message="1. Test Case ID: KeYGnp

- Undocumented HTTP status code

    Received: 405
    Documented: 200, 400, 401, 403, 404, 500

[405] Method Not Allowed:

    `[{&quot;error_description&quot;:[&quot;RESTEASY003650: No resource method found for GET, return 405 with Allow header&quot;],&quot;error&quot;:&quot;Http exception&quot;}]`

Reproduce with:

    curl -X GET 'https://hom.serproid.serpro.gov.br/oauth/v1/oauth/dispositivos/cadastrar?emissaoComDispositivo=&amp;x-schemathesis-unknown-property=42'"/>
			<failure type="failure" message="1. Test Case ID: igTyM9

- API rejected schema-compliant request

    Valid data should have been accepted
    Expected: 2xx, 401, 403, 404, 409, 5xx

[405] Method Not Allowed:

    `[{&quot;error_description&quot;:[&quot;RESTEASY003650: No resource method found for GET, return 405 with Allow header&quot;],&quot;error&quot;:&quot;Http exception&quot;}]`

Reproduce with:

    curl -X GET -H 'Authorization: [Filtered]' https://hom.serproid.serpro.gov.br/oauth/v1/oauth/dispositivos/cadastrar"/>
			<skipped type="skipped">No examples in schema</skipped>
		</testcase>
		<testcase name="GET /oauth/v1/oauth/dispositivos/pedidos" time="0.814596">
			<failure type="failure" message="1. Test Case ID: pGyDtZ

- API rejected schema-compliant request

    Valid data should have been accepted
    Expected: 2xx, 401, 403, 404, 409, 5xx

- Undocumented HTTP status code

    Received: 405
    Documented: 200, 400, 401, 403, 404, 500

[405] Method Not Allowed:

    `[{&quot;error_description&quot;:[&quot;RESTEASY003650: No resource method found for GET, return 405 with Allow header&quot;],&quot;error&quot;:&quot;Http exception&quot;}]`

Reproduce with:

    curl -X GET 'https://hom.serproid.serpro.gov.br/oauth/v1/oauth/dispositivos/pedidos?dto='"/>
			<skipped type="skipped">No examples in schema</skipped>
		</testcase>
		<testcase name="GET /oauth/v1/oauth/dispositivos/timestamp/agora" time="0.813862">
			<failure type="failure" message="1. Test Case ID: YldCQG

- API rejected schema-compliant request

    Valid data should have been accepted
    Expected: 2xx, 401, 403, 404, 409, 5xx

- Undocumented HTTP status code

    Received: 406
    Documented: 200, 400, 401, 403, 404, 500

[406] Not Acceptable:

    `{&quot;code&quot;:&quot;VERSAO_APP_INCOMPATIVEL&quot;,&quot;msg&quot;:&quot;Versão da aplicação incompatível com a versão atual.&quot;,&quot;debug&quot;:&quot;&quot;}`

Reproduce with:

    curl -X GET https://hom.serproid.serpro.gov.br/oauth/v1/oauth/dispositivos/timestamp/agora"/>
			<skipped type="skipped">No examples in schema</skipped>
		</testcase>
		<testcase name="GET /oauth/v1/oauth/drivers/certificados" time="0.822436">
			<failure type="failure" message="1. Test Case ID: iqv9cI

- API rejected schema-compliant request

    Valid data should have been accepted
    Expected: 2xx, 401, 403, 404, 409, 5xx

- Undocumented HTTP status code

    Received: 412
    Documented: 200, 400, 401, 403, 404, 500

[412] Precondition Failed:

    `{&quot;code&quot;:&quot;UUID_NAO_INFORMADO&quot;,&quot;msg&quot;:&quot;UUID não foi informado&quot;,&quot;debug&quot;:&quot;&quot;}`

Reproduce with:

    curl -X GET 'https://hom.serproid.serpro.gov.br/oauth/v1/oauth/drivers/certificados?identUnicoMaquina='"/>
			<skipped type="skipped">No examples in schema</skipped>
		</testcase>
		<testcase name="DELETE /oauth/v1/oauth/applications/{clientId}/activation" time="1.673074">
			<skipped type="skipped">No examples in schema</skipped>
		</testcase>
		<testcase name="DELETE /oauth/v1/oauth/applications/{clientId}/redirect-uris" time="0.186022">
			<failure type="failure" message="1. Test Case ID: jG2W5j

- Undocumented HTTP status code

    Received: 415
    Documented: 200, 400, 401, 403, 404, 500

[415] Unsupported Media Type:

    `[{&quot;error_description&quot;:[&quot;RESTEASY003065: Cannot consume content type&quot;],&quot;error&quot;:&quot;Http exception&quot;}]`

Reproduce with:

    curl -X DELETE 'https://hom.serproid.serpro.gov.br/oauth/v1/oauth/applications/0/redirect-uris?token=%5BFiltered%5D&amp;x-schemathesis-unknown-property=42'"/>
			<failure type="failure" message="1. Test Case ID: H0yh2z

- API rejected schema-compliant request

    Valid data should have been accepted
    Expected: 2xx, 401, 403, 404, 409, 5xx

[415] Unsupported Media Type:

    `[{&quot;error_description&quot;:[&quot;RESTEASY003065: Cannot consume content type&quot;],&quot;error&quot;:&quot;Http exception&quot;}]`

Reproduce with:

    curl -X DELETE -H 'Authorization: [Filtered]' https://hom.serproid.serpro.gov.br/oauth/v1/oauth/applications/0/redirect-uris"/>
			<skipped type="skipped">No examples in schema</skipped>
		</testcase>
		<testcase name="POST /oauth/v1/oauth/authorize/dispositivo/{dispositivo}/authorization/deny" time="0.185198">
			<failure type="failure" message="1. Test Case ID: oMjbjM

- Undocumented HTTP status code

    Received: 406
    Documented: 200, 400, 401, 403, 404, 500

[406] Not Acceptable:

    `{&quot;code&quot;:&quot;VERSAO_APP_INCOMPATIVEL&quot;,&quot;msg&quot;:&quot;Versão da aplicação incompatível com a versão atual.&quot;,&quot;debug&quot;:&quot;&quot;}`

Reproduce with:

    curl -X POST 'https://hom.serproid.serpro.gov.br/oauth/v1/oauth/authorize/dispositivo/0/authorization/deny?tokenAuth=%5BFiltered%5D&amp;x-schemathesis-unknown-property=42'"/>
			<failure type="failure" message="1. Test Case ID: PrOc4Q

- API rejected schema-compliant request

    Valid data should have been accepted
    Expected: 2xx, 401, 403, 404, 409, 5xx

[406] Not Acceptable:

    `{&quot;code&quot;:&quot;VERSAO_APP_INCOMPATIVEL&quot;,&quot;msg&quot;:&quot;Versão da aplicação incompatível com a versão atual.&quot;,&quot;debug&quot;:&quot;&quot;}`

Reproduce with:

    curl -X POST -H 'Authorization: [Filtered]' https://hom.serproid.serpro.gov.br/oauth/v1/oauth/authorize/dispositivo/0/authorization/deny"/>
			<skipped type="skipped">No examples in schema</skipped>
		</testcase>
		<testcase name="POST /oauth/v1/oauth/authorize/dispositivo/{dispositivo}/login-otp-access-token" time="0.201341">
			<failure type="failure" message="1. Test Case ID: YnmMeT

- Undocumented HTTP status code

    Received: 415
    Documented: 200, 400, 401, 403, 404, 500

[415] Unsupported Media Type:

    `[{&quot;error_description&quot;:[&quot;RESTEASY003065: Cannot consume content type&quot;],&quot;error&quot;:&quot;Http exception&quot;}]`

Reproduce with:

    curl -X POST 'https://hom.serproid.serpro.gov.br/oauth/v1/oauth/authorize/dispositivo/0/login-otp-access-token?dto=&amp;x-schemathesis-unknown-property=42'"/>
			<failure type="failure" message="1. Test Case ID: 63y7tY

- API rejected schema-compliant request

    Valid data should have been accepted
    Expected: 2xx, 401, 403, 404, 409, 5xx

[415] Unsupported Media Type:

    `[{&quot;error_description&quot;:[&quot;RESTEASY003065: Cannot consume content type&quot;],&quot;error&quot;:&quot;Http exception&quot;}]`

Reproduce with:

    curl -X POST -H 'Authorization: [Filtered]' https://hom.serproid.serpro.gov.br/oauth/v1/oauth/authorize/dispositivo/0/login-otp-access-token"/>
			<skipped type="skipped">No examples in schema</skipped>
		</testcase>
		<testcase name="POST /oauth/v1/oauth/authorize/dispositivo/{dispositivo}/login-otp-pin" time="0.194715">
			<failure type="failure" message="1. Test Case ID: ekc6I7

- Undocumented HTTP status code

    Received: 415
    Documented: 200, 400, 401, 403, 404, 500

[415] Unsupported Media Type:

    `[{&quot;error_description&quot;:[&quot;RESTEASY003065: Cannot consume content type&quot;],&quot;error&quot;:&quot;Http exception&quot;}]`

Reproduce with:

    curl -X POST 'https://hom.serproid.serpro.gov.br/oauth/v1/oauth/authorize/dispositivo/0/login-otp-pin?dto=&amp;x-schemathesis-unknown-property=42'"/>
			<failure type="failure" message="1. Test Case ID: tXzYYF

- API rejected schema-compliant request

    Valid data should have been accepted
    Expected: 2xx, 401, 403, 404, 409, 5xx

[415] Unsupported Media Type:

    `[{&quot;error_description&quot;:[&quot;RESTEASY003065: Cannot consume content type&quot;],&quot;error&quot;:&quot;Http exception&quot;}]`

Reproduce with:

    curl -X POST -H 'Authorization: [Filtered]' https://hom.serproid.serpro.gov.br/oauth/v1/oauth/authorize/dispositivo/0/login-otp-pin"/>
			<skipped type="skipped">No examples in schema</skipped>
		</testcase>
		<testcase name="POST /oauth/v1/oauth/authorize/send-recover-mail/certificado/{idCertificado}" time="0.185573">
			<failure type="failure" message="1. Test Case ID: HyNk2M

- Undocumented HTTP status code

    Received: 405
    Documented: 200, 400, 401, 403, 404, 500

[405] Method Not Allowed:

    `[{&quot;error_description&quot;:[&quot;RESTEASY003650: No resource method found for POST, return 405 with Allow header&quot;],&quot;error&quot;:&quot;Http exception&quot;}]`

Reproduce with:

    curl -X POST 'https://hom.serproid.serpro.gov.br/oauth/v1/oauth/authorize/send-recover-mail/certificado/0?userAgent=&amp;x-schemathesis-unknown-property=42'"/>
			<failure type="failure" message="1. Test Case ID: t5mdG5

- API rejected schema-compliant request

    Valid data should have been accepted
    Expected: 2xx, 401, 403, 404, 409, 5xx

[405] Method Not Allowed:

    `[{&quot;error_description&quot;:[&quot;RESTEASY003650: No resource method found for POST, return 405 with Allow header&quot;],&quot;error&quot;:&quot;Http exception&quot;}]`

Reproduce with:

    curl -X POST -H 'Authorization: [Filtered]' https://hom.serproid.serpro.gov.br/oauth/v1/oauth/authorize/send-recover-mail/certificado/0"/>
			<skipped type="skipped">No examples in schema</skipped>
		</testcase>
		<testcase name="POST /oauth/v1/oauth/dispositivos/{dispositivo}/aplicativos/assinatura/{id}" time="0.190651">
			<failure type="failure" message="1. Test Case ID: Ea10Ro

- Undocumented HTTP status code

    Received: 406
    Documented: 200, 400, 401, 403, 404, 500

[406] Not Acceptable:

    `{&quot;code&quot;:&quot;VERSAO_APP_INCOMPATIVEL&quot;,&quot;msg&quot;:&quot;Versão da aplicação incompatível com a versão atual.&quot;,&quot;debug&quot;:&quot;&quot;}`

Reproduce with:

    curl -X POST 'https://hom.serproid.serpro.gov.br/oauth/v1/oauth/dispositivos/0/aplicativos/assinatura/0?dto=&amp;x-schemathesis-unknown-property=42'"/>
			<failure type="failure" message="1. Test Case ID: wynBvz

- API rejected schema-compliant request

    Valid data should have been accepted
    Expected: 2xx, 401, 403, 404, 409, 5xx

[406] Not Acceptable:

    `{&quot;code&quot;:&quot;VERSAO_APP_INCOMPATIVEL&quot;,&quot;msg&quot;:&quot;Versão da aplicação incompatível com a versão atual.&quot;,&quot;debug&quot;:&quot;&quot;}`

Reproduce with:

    curl -X POST -H 'Authorization: [Filtered]' https://hom.serproid.serpro.gov.br/oauth/v1/oauth/dispositivos/0/aplicativos/assinatura/0"/>
			<skipped type="skipped">No examples in schema</skipped>
		</testcase>
		<testcase name="POST /oauth/v1/oauth/dispositivos/{dispositivo}/aplicativos/assinatura/{id}/access-token" time="0.190189">
			<failure type="failure" message="1. Test Case ID: UAVcGK

- Undocumented HTTP status code

    Received: 406
    Documented: 200, 400, 401, 403, 404, 500

[406] Not Acceptable:

    `{&quot;code&quot;:&quot;VERSAO_APP_INCOMPATIVEL&quot;,&quot;msg&quot;:&quot;Versão da aplicação incompatível com a versão atual.&quot;,&quot;debug&quot;:&quot;&quot;}`

Reproduce with:

    curl -X POST 'https://hom.serproid.serpro.gov.br/oauth/v1/oauth/dispositivos/0/aplicativos/assinatura/0/access-token?resposta=&amp;x-schemathesis-unknown-property=42'"/>
			<failure type="failure" message="1. Test Case ID: VZfFtk

- API rejected schema-compliant request

    Valid data should have been accepted
    Expected: 2xx, 401, 403, 404, 409, 5xx

[406] Not Acceptable:

    `{&quot;code&quot;:&quot;VERSAO_APP_INCOMPATIVEL&quot;,&quot;msg&quot;:&quot;Versão da aplicação incompatível com a versão atual.&quot;,&quot;debug&quot;:&quot;&quot;}`

Reproduce with:

    curl -X POST -H 'Authorization: [Filtered]' https://hom.serproid.serpro.gov.br/oauth/v1/oauth/dispositivos/0/aplicativos/assinatura/0/access-token"/>
			<skipped type="skipped">No examples in schema</skipped>
		</testcase>
		<testcase name="POST /oauth/v1/oauth/dispositivos/{dispositivo}/aplicativos/autenticacao/{id}" time="0.187901">
			<failure type="failure" message="1. Test Case ID: YbfCQ6

- Undocumented HTTP status code

    Received: 406
    Documented: 200, 400, 401, 403, 404, 500

[406] Not Acceptable:

    `{&quot;code&quot;:&quot;VERSAO_APP_INCOMPATIVEL&quot;,&quot;msg&quot;:&quot;Versão da aplicação incompatível com a versão atual.&quot;,&quot;debug&quot;:&quot;&quot;}`

Reproduce with:

    curl -X POST 'https://hom.serproid.serpro.gov.br/oauth/v1/oauth/dispositivos/0/aplicativos/autenticacao/0?dto=&amp;x-schemathesis-unknown-property=42'"/>
			<failure type="failure" message="1. Test Case ID: 81UV8x

- API rejected schema-compliant request

    Valid data should have been accepted
    Expected: 2xx, 401, 403, 404, 409, 5xx

[406] Not Acceptable:

    `{&quot;code&quot;:&quot;VERSAO_APP_INCOMPATIVEL&quot;,&quot;msg&quot;:&quot;Versão da aplicação incompatível com a versão atual.&quot;,&quot;debug&quot;:&quot;&quot;}`

Reproduce with:

    curl -X POST -H 'Authorization: [Filtered]' https://hom.serproid.serpro.gov.br/oauth/v1/oauth/dispositivos/0/aplicativos/autenticacao/0"/>
			<skipped type="skipped">No examples in schema</skipped>
		</testcase>
		<testcase name="POST /oauth/v1/oauth/dispositivos/{dispositivo}/aplicativos/autenticacao/{id}/access-token" time="0.185788">
			<failure type="failure" message="1. Test Case ID: lQXmCH

- Undocumented HTTP status code

    Received: 406
    Documented: 200, 400, 401, 403, 404, 500

[406] Not Acceptable:

    `{&quot;code&quot;:&quot;VERSAO_APP_INCOMPATIVEL&quot;,&quot;msg&quot;:&quot;Versão da aplicação incompatível com a versão atual.&quot;,&quot;debug&quot;:&quot;&quot;}`

Reproduce with:

    curl -X POST 'https://hom.serproid.serpro.gov.br/oauth/v1/oauth/dispositivos/0/aplicativos/autenticacao/0/access-token?resposta=&amp;x-schemathesis-unknown-property=42'"/>
			<failure type="failure" message="1. Test Case ID: Brb9mj

- API rejected schema-compliant request

    Valid data should have been accepted
    Expected: 2xx, 401, 403, 404, 409, 5xx

[406] Not Acceptable:

    `{&quot;code&quot;:&quot;VERSAO_APP_INCOMPATIVEL&quot;,&quot;msg&quot;:&quot;Versão da aplicação incompatível com a versão atual.&quot;,&quot;debug&quot;:&quot;&quot;}`

Reproduce with:

    curl -X POST -H 'Authorization: [Filtered]' https://hom.serproid.serpro.gov.br/oauth/v1/oauth/dispositivos/0/aplicativos/autenticacao/0/access-token"/>
			<skipped type="skipped">No examples in schema</skipped>
		</testcase>
		<testcase name="POST /oauth/v1/oauth/dispositivos/{dispositivo}/assinar" time="0.186803">
			<failure type="failure" message="1. Test Case ID: LKUnIu

- Undocumented HTTP status code

    Received: 406
    Documented: 200, 400, 401, 403, 404, 500

[406] Not Acceptable:

    `{&quot;code&quot;:&quot;VERSAO_APP_INCOMPATIVEL&quot;,&quot;msg&quot;:&quot;Versão da aplicação incompatível com a versão atual.&quot;,&quot;debug&quot;:&quot;&quot;}`

Reproduce with:

    curl -X POST 'https://hom.serproid.serpro.gov.br/oauth/v1/oauth/dispositivos/0/assinar?payload=&amp;x-schemathesis-unknown-property=42'"/>
			<failure type="failure" message="1. Test Case ID: dKWkdH

- API rejected schema-compliant request

    Valid data should have been accepted
    Expected: 2xx, 401, 403, 404, 409, 5xx

[406] Not Acceptable:

    `{&quot;code&quot;:&quot;VERSAO_APP_INCOMPATIVEL&quot;,&quot;msg&quot;:&quot;Versão da aplicação incompatível com a versão atual.&quot;,&quot;debug&quot;:&quot;&quot;}`

Reproduce with:

    curl -X POST -H 'Authorization: [Filtered]' https://hom.serproid.serpro.gov.br/oauth/v1/oauth/dispositivos/0/assinar"/>
			<skipped type="skipped">No examples in schema</skipped>
		</testcase>
		<testcase name="POST /oauth/v1/oauth/dispositivos/{dispositivo}/assinar/access-token" time="0.189729">
			<failure type="failure" message="1. Test Case ID: cTE7g1

- Undocumented HTTP status code

    Received: 406
    Documented: 200, 400, 401, 403, 404, 500

[406] Not Acceptable:

    `{&quot;code&quot;:&quot;VERSAO_APP_INCOMPATIVEL&quot;,&quot;msg&quot;:&quot;Versão da aplicação incompatível com a versão atual.&quot;,&quot;debug&quot;:&quot;&quot;}`

Reproduce with:

    curl -X POST 'https://hom.serproid.serpro.gov.br/oauth/v1/oauth/dispositivos/0/assinar/access-token?payload=&amp;x-schemathesis-unknown-property=42'"/>
			<failure type="failure" message="1. Test Case ID: 6vdq6l

- API rejected schema-compliant request

    Valid data should have been accepted
    Expected: 2xx, 401, 403, 404, 409, 5xx

[406] Not Acceptable:

    `{&quot;code&quot;:&quot;VERSAO_APP_INCOMPATIVEL&quot;,&quot;msg&quot;:&quot;Versão da aplicação incompatível com a versão atual.&quot;,&quot;debug&quot;:&quot;&quot;}`

Reproduce with:

    curl -X POST -H 'Authorization: [Filtered]' https://hom.serproid.serpro.gov.br/oauth/v1/oauth/dispositivos/0/assinar/access-token"/>
			<skipped type="skipped">No examples in schema</skipped>
		</testcase>
		<testcase name="POST /oauth/v1/oauth/dispositivos/{dispositivo}/assinar/pdf" time="0.186675">
			<failure type="failure" message="1. Test Case ID: XrVKHB

- Undocumented HTTP status code

    Received: 415
    Documented: 200, 400, 401, 403, 404, 500

[415] Unsupported Media Type:

    `[{&quot;error_description&quot;:[&quot;RESTEASY003065: Cannot consume content type&quot;],&quot;error&quot;:&quot;Http exception&quot;}]`

Reproduce with:

    curl -X POST 'https://hom.serproid.serpro.gov.br/oauth/v1/oauth/dispositivos/0/assinar/pdf?input=&amp;x-schemathesis-unknown-property=42'"/>
			<failure type="failure" message="1. Test Case ID: FxdHnp

- API rejected schema-compliant request

    Valid data should have been accepted
    Expected: 2xx, 401, 403, 404, 409, 5xx

[415] Unsupported Media Type:

    `[{&quot;error_description&quot;:[&quot;RESTEASY003065: Cannot consume content type&quot;],&quot;error&quot;:&quot;Http exception&quot;}]`

Reproduce with:

    curl -X POST -H 'Authorization: [Filtered]' https://hom.serproid.serpro.gov.br/oauth/v1/oauth/dispositivos/0/assinar/pdf"/>
			<skipped type="skipped">No examples in schema</skipped>
		</testcase>
		<testcase name="POST /oauth/v1/oauth/dispositivos/{dispositivo}/assinar/pdf/access-token" time="0.187853">
			<failure type="failure" message="1. Test Case ID: AHXyws

- Undocumented HTTP status code

    Received: 415
    Documented: 200, 400, 401, 403, 404, 500

[415] Unsupported Media Type:

    `[{&quot;error_description&quot;:[&quot;RESTEASY003065: Cannot consume content type&quot;],&quot;error&quot;:&quot;Http exception&quot;}]`

Reproduce with:

    curl -X POST 'https://hom.serproid.serpro.gov.br/oauth/v1/oauth/dispositivos/0/assinar/pdf/access-token?input=&amp;x-schemathesis-unknown-property=42'"/>
			<failure type="failure" message="1. Test Case ID: jp7eop

- API rejected schema-compliant request

    Valid data should have been accepted
    Expected: 2xx, 401, 403, 404, 409, 5xx

[415] Unsupported Media Type:

    `[{&quot;error_description&quot;:[&quot;RESTEASY003065: Cannot consume content type&quot;],&quot;error&quot;:&quot;Http exception&quot;}]`

Reproduce with:

    curl -X POST -H 'Authorization: [Filtered]' https://hom.serproid.serpro.gov.br/oauth/v1/oauth/dispositivos/0/assinar/pdf/access-token"/>
			<skipped type="skipped">No examples in schema</skipped>
		</testcase>
		<testcase name="POST /oauth/v1/oauth/dispositivos/{dispositivo}/certificados" time="0.185553">
			<failure type="failure" message="1. Test Case ID: c7uMbc

- Undocumented HTTP status code

    Received: 406
    Documented: 200, 400, 401, 403, 404, 500

[406] Not Acceptable:

    `{&quot;code&quot;:&quot;VERSAO_APP_INCOMPATIVEL&quot;,&quot;msg&quot;:&quot;Versão da aplicação incompatível com a versão atual.&quot;,&quot;debug&quot;:&quot;&quot;}`

Reproduce with:

    curl -X POST 'https://hom.serproid.serpro.gov.br/oauth/v1/oauth/dispositivos/0/certificados?emissao=&amp;x-schemathesis-unknown-property=42'"/>
			<failure type="failure" message="1. Test Case ID: 3BtyHj

- API rejected schema-compliant request

    Valid data should have been accepted
    Expected: 2xx, 401, 403, 404, 409, 5xx

[406] Not Acceptable:

    `{&quot;code&quot;:&quot;VERSAO_APP_INCOMPATIVEL&quot;,&quot;msg&quot;:&quot;Versão da aplicação incompatível com a versão atual.&quot;,&quot;debug&quot;:&quot;&quot;}`

Reproduce with:

    curl -X POST -H 'Authorization: [Filtered]' https://hom.serproid.serpro.gov.br/oauth/v1/oauth/dispositivos/0/certificados"/>
			<skipped type="skipped">No examples in schema</skipped>
		</testcase>
		<testcase name="POST /oauth/v1/oauth/dispositivos/{dispositivo}/certificados/pre-emissao" time="0.187017">
			<failure type="failure" message="1. Test Case ID: E5vTEu

- API rejected schema-compliant request

    Valid data should have been accepted
    Expected: 2xx, 401, 403, 404, 409, 5xx

- Undocumented HTTP status code

    Received: 406
    Documented: 200, 400, 401, 403, 404, 500

[406] Not Acceptable:

    `{&quot;code&quot;:&quot;VERSAO_APP_INCOMPATIVEL&quot;,&quot;msg&quot;:&quot;Versão da aplicação incompatível com a versão atual.&quot;,&quot;debug&quot;:&quot;&quot;}`

Reproduce with:

    curl -X POST 'https://hom.serproid.serpro.gov.br/oauth/v1/oauth/dispositivos/0/certificados/pre-emissao?dispositivoId=&amp;appError='"/>
			<skipped type="skipped">No examples in schema</skipped>
		</testcase>
		<testcase name="POST /oauth/v1/oauth/dispositivos/{dispositivo}/certificados/{certificadoId}/email-recuperacao" time="0.190689">
			<failure type="failure" message="1. Test Case ID: U6KT5h

- Undocumented HTTP status code

    Received: 415
    Documented: 200, 400, 401, 403, 404, 500

[415] Unsupported Media Type:

    `[{&quot;error_description&quot;:[&quot;RESTEASY003065: Cannot consume content type&quot;],&quot;error&quot;:&quot;Http exception&quot;}]`

Reproduce with:

    curl -X POST 'https://hom.serproid.serpro.gov.br/oauth/v1/oauth/dispositivos/0/certificados/0/email-recuperacao?dispositivoId=&amp;x-schemathesis-unknown-property=42'"/>
			<failure type="failure" message="1. Test Case ID: LuDzxQ

- API rejected schema-compliant request

    Valid data should have been accepted
    Expected: 2xx, 401, 403, 404, 409, 5xx

[415] Unsupported Media Type:

    `[{&quot;error_description&quot;:[&quot;RESTEASY003065: Cannot consume content type&quot;],&quot;error&quot;:&quot;Http exception&quot;}]`

Reproduce with:

    curl -X POST -H 'Authorization: [Filtered]' https://hom.serproid.serpro.gov.br/oauth/v1/oauth/dispositivos/0/certificados/0/email-recuperacao"/>
			<skipped type="skipped">No examples in schema</skipped>
		</testcase>
		<testcase name="POST /oauth/v1/oauth/dispositivos/{dispositivo}/certificados/{certificadoId}/email-recuperacao/access-token" time="0.192185">
			<failure type="failure" message="1. Test Case ID: Kseko3

- Undocumented HTTP status code

    Received: 415
    Documented: 200, 400, 401, 403, 404, 500

[415] Unsupported Media Type:

    `[{&quot;error_description&quot;:[&quot;RESTEASY003065: Cannot consume content type&quot;],&quot;error&quot;:&quot;Http exception&quot;}]`

Reproduce with:

    curl -X POST 'https://hom.serproid.serpro.gov.br/oauth/v1/oauth/dispositivos/0/certificados/0/email-recuperacao/access-token?dispositivoId=&amp;x-schemathesis-unknown-property=42'"/>
			<failure type="failure" message="1. Test Case ID: nwFDI2

- API rejected schema-compliant request

    Valid data should have been accepted
    Expected: 2xx, 401, 403, 404, 409, 5xx

[415] Unsupported Media Type:

    `[{&quot;error_description&quot;:[&quot;RESTEASY003065: Cannot consume content type&quot;],&quot;error&quot;:&quot;Http exception&quot;}]`

Reproduce with:

    curl -X POST -H 'Authorization: [Filtered]' https://hom.serproid.serpro.gov.br/oauth/v1/oauth/dispositivos/0/certificados/0/email-recuperacao/access-token"/>
			<skipped type="skipped">No examples in schema</skipped>
		</testcase>
		<testcase name="POST /oauth/v1/oauth/dispositivos/{dispositivo}/certificados/{certificado}" time="0.186225">
			<failure type="failure" message="1. Test Case ID: EH2Xi1

- Undocumented HTTP status code

    Received: 405
    Documented: 200, 400, 401, 403, 404, 500

[405] Method Not Allowed:

    `[{&quot;error_description&quot;:[&quot;RESTEASY003650: No resource method found for POST, return 405 with Allow header&quot;],&quot;error&quot;:&quot;Http exception&quot;}]`

Reproduce with:

    curl -X POST 'https://hom.serproid.serpro.gov.br/oauth/v1/oauth/dispositivos/0/certificados/0?dispositivoId=&amp;x-schemathesis-unknown-property=42'"/>
			<failure type="failure" message="1. Test Case ID: JH44fY

- API rejected schema-compliant request

    Valid data should have been accepted
    Expected: 2xx, 401, 403, 404, 409, 5xx

[405] Method Not Allowed:

    `[{&quot;error_description&quot;:[&quot;RESTEASY003650: No resource method found for POST, return 405 with Allow header&quot;],&quot;error&quot;:&quot;Http exception&quot;}]`

Reproduce with:

    curl -X POST -H 'Authorization: [Filtered]' https://hom.serproid.serpro.gov.br/oauth/v1/oauth/dispositivos/0/certificados/0"/>
			<skipped type="skipped">No examples in schema</skipped>
		</testcase>
		<testcase name="POST /oauth/v1/oauth/dispositivos/{dispositivo}/certificados/{certificado}/dispositivos/{dispositivo_delete}" time="0.188529">
			<failure type="failure" message="1. Test Case ID: GbBxuX

- API rejected schema-compliant request

    Valid data should have been accepted
    Expected: 2xx, 401, 403, 404, 409, 5xx

- Undocumented HTTP status code

    Received: 405
    Documented: 200, 400, 401, 403, 404, 500

[405] Method Not Allowed:

    `[{&quot;error_description&quot;:[&quot;RESTEASY003650: No resource method found for POST, return 405 with Allow header&quot;],&quot;error&quot;:&quot;Http exception&quot;}]`

Reproduce with:

    curl -X POST 'https://hom.serproid.serpro.gov.br/oauth/v1/oauth/dispositivos/0/certificados/0/dispositivos/0?dispositivoId=&amp;dispositivoDeleteId=&amp;certificadoId='"/>
			<skipped type="skipped">No examples in schema</skipped>
		</testcase>
		<testcase name="POST /oauth/v1/oauth/dispositivos/{dispositivo}/certificados/{certificado}/dispositivos/{dispositivo_delete}/access-token" time="0.190010">
			<failure type="failure" message="1. Test Case ID: NEsLl7

- API rejected schema-compliant request

    Valid data should have been accepted
    Expected: 2xx, 401, 403, 404, 409, 5xx

- Undocumented HTTP status code

    Received: 405
    Documented: 200, 400, 401, 403, 404, 500

[405] Method Not Allowed:

    `[{&quot;error_description&quot;:[&quot;RESTEASY003650: No resource method found for POST, return 405 with Allow header&quot;],&quot;error&quot;:&quot;Http exception&quot;}]`

Reproduce with:

    curl -X POST 'https://hom.serproid.serpro.gov.br/oauth/v1/oauth/dispositivos/0/certificados/0/dispositivos/0/access-token?dispositivoDeleteId=&amp;certificadoId=&amp;accessToken=%5BFiltered%5D'"/>
			<skipped type="skipped">No examples in schema</skipped>
		</testcase>
		<testcase name="POST /oauth/v1/oauth/dispositivos/{dispositivo}/certificados/{idCertificado}/enviar-email-recuperacao" time="0.188345">
			<failure type="failure" message="1. Test Case ID: s88yQ5

- Undocumented HTTP status code

    Received: 405
    Documented: 200, 400, 401, 403, 404, 500

[405] Method Not Allowed:

    `[{&quot;error_description&quot;:[&quot;RESTEASY003650: No resource method found for POST, return 405 with Allow header&quot;],&quot;error&quot;:&quot;Http exception&quot;}]`

Reproduce with:

    curl -X POST 'https://hom.serproid.serpro.gov.br/oauth/v1/oauth/dispositivos/0/certificados/0/enviar-email-recuperacao?dispositivoId=&amp;x-schemathesis-unknown-property=42'"/>
			<failure type="failure" message="1. Test Case ID: viBi7G

- API rejected schema-compliant request

    Valid data should have been accepted
    Expected: 2xx, 401, 403, 404, 409, 5xx

[405] Method Not Allowed:

    `[{&quot;error_description&quot;:[&quot;RESTEASY003650: No resource method found for POST, return 405 with Allow header&quot;],&quot;error&quot;:&quot;Http exception&quot;}]`

Reproduce with:

    curl -X POST -H 'Authorization: [Filtered]' https://hom.serproid.serpro.gov.br/oauth/v1/oauth/dispositivos/0/certificados/0/enviar-email-recuperacao"/>
			<skipped type="skipped">No examples in schema</skipped>
		</testcase>
		<testcase name="POST /oauth/v1/oauth/dispositivos/{dispositivo}/checagem-pin" time="0.187099">
			<failure type="failure" message="1. Test Case ID: XutQI7

- Undocumented HTTP status code

    Received: 406
    Documented: 200, 400, 401, 403, 404, 500

[406] Not Acceptable:

    `{&quot;code&quot;:&quot;VERSAO_APP_INCOMPATIVEL&quot;,&quot;msg&quot;:&quot;Versão da aplicação incompatível com a versão atual.&quot;,&quot;debug&quot;:&quot;&quot;}`

Reproduce with:

    curl -X POST 'https://hom.serproid.serpro.gov.br/oauth/v1/oauth/dispositivos/0/checagem-pin?dto=&amp;x-schemathesis-unknown-property=42'"/>
			<failure type="failure" message="1. Test Case ID: 4uCuMA

- API rejected schema-compliant request

    Valid data should have been accepted
    Expected: 2xx, 401, 403, 404, 409, 5xx

[406] Not Acceptable:

    `{&quot;code&quot;:&quot;VERSAO_APP_INCOMPATIVEL&quot;,&quot;msg&quot;:&quot;Versão da aplicação incompatível com a versão atual.&quot;,&quot;debug&quot;:&quot;&quot;}`

Reproduce with:

    curl -X POST -H 'Authorization: [Filtered]' https://hom.serproid.serpro.gov.br/oauth/v1/oauth/dispositivos/0/checagem-pin"/>
			<skipped type="skipped">No examples in schema</skipped>
		</testcase>
		<testcase name="POST /oauth/v1/oauth/dispositivos/{dispositivo}/drivers/assinatura/{id}" time="0.193007">
			<failure type="failure" message="1. Test Case ID: tpAufA

- API rejected schema-compliant request

    Valid data should have been accepted
    Expected: 2xx, 401, 403, 404, 409, 5xx

- Undocumented HTTP status code

    Received: 406
    Documented: 200, 400, 401, 403, 404, 500

[406] Not Acceptable:

    `{&quot;code&quot;:&quot;VERSAO_APP_INCOMPATIVEL&quot;,&quot;msg&quot;:&quot;Versão da aplicação incompatível com a versão atual.&quot;,&quot;debug&quot;:&quot;&quot;}`

Reproduce with:

    curl -X POST 'https://hom.serproid.serpro.gov.br/oauth/v1/oauth/dispositivos/0/drivers/assinatura/0?dispositivoId=&amp;resposta='"/>
			<skipped type="skipped">No examples in schema</skipped>
		</testcase>
		<testcase name="POST /oauth/v1/oauth/dispositivos/{dispositivo}/drivers/assinatura/{id}/access-token" time="0.185495">
			<failure type="failure" message="1. Test Case ID: GY9rHM

- API rejected schema-compliant request

    Valid data should have been accepted
    Expected: 2xx, 401, 403, 404, 409, 5xx

- Undocumented HTTP status code

    Received: 406
    Documented: 200, 400, 401, 403, 404, 500

[406] Not Acceptable:

    `{&quot;code&quot;:&quot;VERSAO_APP_INCOMPATIVEL&quot;,&quot;msg&quot;:&quot;Versão da aplicação incompatível com a versão atual.&quot;,&quot;debug&quot;:&quot;&quot;}`

Reproduce with:

    curl -X POST 'https://hom.serproid.serpro.gov.br/oauth/v1/oauth/dispositivos/0/drivers/assinatura/0/access-token?dispositivoId=&amp;resposta='"/>
			<skipped type="skipped">No examples in schema</skipped>
		</testcase>
		<testcase name="POST /oauth/v1/oauth/dispositivos/{dispositivo}/maquinas" time="0.190512">
			<failure type="failure" message="1. Test Case ID: WUDVFZ

- Undocumented HTTP status code

    Received: 415
    Documented: 200, 400, 401, 403, 404, 500

[415] Unsupported Media Type:

    `[{&quot;error_description&quot;:[&quot;RESTEASY003065: Cannot consume content type&quot;],&quot;error&quot;:&quot;Http exception&quot;}]`

Reproduce with:

    curl -X POST 'https://hom.serproid.serpro.gov.br/oauth/v1/oauth/dispositivos/0/maquinas?dispositivoId=&amp;x-schemathesis-unknown-property=42'"/>
			<failure type="failure" message="1. Test Case ID: YXFKgX

- API rejected schema-compliant request

    Valid data should have been accepted
    Expected: 2xx, 401, 403, 404, 409, 5xx

[415] Unsupported Media Type:

    `[{&quot;error_description&quot;:[&quot;RESTEASY003065: Cannot consume content type&quot;],&quot;error&quot;:&quot;Http exception&quot;}]`

Reproduce with:

    curl -X POST -H 'Authorization: [Filtered]' https://hom.serproid.serpro.gov.br/oauth/v1/oauth/dispositivos/0/maquinas"/>
			<skipped type="skipped">No examples in schema</skipped>
		</testcase>
		<testcase name="POST /oauth/v1/oauth/dispositivos/{dispositivo}/maquinas/{maquina}" time="0.187375">
			<failure type="failure" message="1. Test Case ID: VFRi4A

- Undocumented HTTP status code

    Received: 405
    Documented: 200, 400, 401, 403, 404, 500

[405] Method Not Allowed:

    `[{&quot;error_description&quot;:[&quot;RESTEASY003650: No resource method found for POST, return 405 with Allow header&quot;],&quot;error&quot;:&quot;Http exception&quot;}]`

Reproduce with:

    curl -X POST 'https://hom.serproid.serpro.gov.br/oauth/v1/oauth/dispositivos/0/maquinas/0?maquinaId=&amp;x-schemathesis-unknown-property=42'"/>
			<failure type="failure" message="1. Test Case ID: lMTUhF

- API rejected schema-compliant request

    Valid data should have been accepted
    Expected: 2xx, 401, 403, 404, 409, 5xx

[405] Method Not Allowed:

    `[{&quot;error_description&quot;:[&quot;RESTEASY003650: No resource method found for POST, return 405 with Allow header&quot;],&quot;error&quot;:&quot;Http exception&quot;}]`

Reproduce with:

    curl -X POST -H 'Authorization: [Filtered]' https://hom.serproid.serpro.gov.br/oauth/v1/oauth/dispositivos/0/maquinas/0"/>
			<skipped type="skipped">No examples in schema</skipped>
		</testcase>
		<testcase name="POST /oauth/v1/oauth/dispositivos/{dispositivo}/pedido/{numeroReferencia}/instalar-certificado" time="0.235889">
			<failure type="failure" message="1. Test Case ID: BOLlK1

- Undocumented HTTP status code

    Received: 406
    Documented: 200, 400, 401, 403, 404, 500

[406] Not Acceptable:

    `{&quot;code&quot;:&quot;VERSAO_APP_INCOMPATIVEL&quot;,&quot;msg&quot;:&quot;Versão da aplicação incompatível com a versão atual.&quot;,&quot;debug&quot;:&quot;&quot;}`

Reproduce with:

    curl -X POST 'https://hom.serproid.serpro.gov.br/oauth/v1/oauth/dispositivos/0/pedido/0/instalar-certificado?emissao=&amp;x-schemathesis-unknown-property=42'"/>
			<failure type="failure" message="1. Test Case ID: FqeWJA

- API rejected schema-compliant request

    Valid data should have been accepted
    Expected: 2xx, 401, 403, 404, 409, 5xx

[406] Not Acceptable:

    `{&quot;code&quot;:&quot;VERSAO_APP_INCOMPATIVEL&quot;,&quot;msg&quot;:&quot;Versão da aplicação incompatível com a versão atual.&quot;,&quot;debug&quot;:&quot;&quot;}`

Reproduce with:

    curl -X POST -H 'Authorization: [Filtered]' https://hom.serproid.serpro.gov.br/oauth/v1/oauth/dispositivos/0/pedido/0/instalar-certificado"/>
			<skipped type="skipped">No examples in schema</skipped>
		</testcase>
		<testcase name="POST /oauth/v1/oauth/dispositivos/{dispositivo}/pedido/{numeroReferencia}/pre-instalacao-certificado" time="0.184488">
			<failure type="failure" message="1. Test Case ID: 0BuiFj

- Undocumented HTTP status code

    Received: 406
    Documented: 200, 400, 401, 403, 404, 500

[406] Not Acceptable:

    `{&quot;code&quot;:&quot;VERSAO_APP_INCOMPATIVEL&quot;,&quot;msg&quot;:&quot;Versão da aplicação incompatível com a versão atual.&quot;,&quot;debug&quot;:&quot;&quot;}`

Reproduce with:

    curl -X POST 'https://hom.serproid.serpro.gov.br/oauth/v1/oauth/dispositivos/0/pedido/0/pre-instalacao-certificado?emissao=&amp;x-schemathesis-unknown-property=42'"/>
			<failure type="failure" message="1. Test Case ID: eUyUoX

- API rejected schema-compliant request

    Valid data should have been accepted
    Expected: 2xx, 401, 403, 404, 409, 5xx

[406] Not Acceptable:

    `{&quot;code&quot;:&quot;VERSAO_APP_INCOMPATIVEL&quot;,&quot;msg&quot;:&quot;Versão da aplicação incompatível com a versão atual.&quot;,&quot;debug&quot;:&quot;&quot;}`

Reproduce with:

    curl -X POST -H 'Authorization: [Filtered]' https://hom.serproid.serpro.gov.br/oauth/v1/oauth/dispositivos/0/pedido/0/pre-instalacao-certificado"/>
			<skipped type="skipped">No examples in schema</skipped>
		</testcase>
		<testcase name="POST /oauth/v1/oauth/dispositivos/{dispositivo}/pedido/{numeroReferencia}/validar/biometria/instalacao" time="0.198138">
			<failure type="failure" message="1. Test Case ID: RvK3gX

- API rejected schema-compliant request

    Valid data should have been accepted
    Expected: 2xx, 401, 403, 404, 409, 5xx

- Undocumented HTTP status code

    Received: 415
    Documented: 200, 400, 401, 403, 404, 500

[415] Unsupported Media Type:

    `[{&quot;error_description&quot;:[&quot;RESTEASY003065: Cannot consume content type&quot;],&quot;error&quot;:&quot;Http exception&quot;}]`

Reproduce with:

    curl -X POST 'https://hom.serproid.serpro.gov.br/oauth/v1/oauth/dispositivos/0/pedido/0/validar/biometria/instalacao?soMobile=&amp;dispositivoId=&amp;appError='"/>
			<skipped type="skipped">No examples in schema</skipped>
		</testcase>
		<testcase name="POST /oauth/v1/oauth/dispositivos/{dispositivo}/sessao-assinatura/{idAutorizacao}" time="0.187945">
			<failure type="failure" message="1. Test Case ID: qAeHTi

- Undocumented HTTP status code

    Received: 405
    Documented: 200, 400, 401, 403, 404, 500

[405] Method Not Allowed:

    `[{&quot;error_description&quot;:[&quot;RESTEASY003650: No resource method found for POST, return 405 with Allow header&quot;],&quot;error&quot;:&quot;Http exception&quot;}]`

Reproduce with:

    curl -X POST 'https://hom.serproid.serpro.gov.br/oauth/v1/oauth/dispositivos/0/sessao-assinatura/0?pin=&amp;x-schemathesis-unknown-property=42'"/>
			<failure type="failure" message="1. Test Case ID: wNbA1T

- API rejected schema-compliant request

    Valid data should have been accepted
    Expected: 2xx, 401, 403, 404, 409, 5xx

[405] Method Not Allowed:

    `[{&quot;error_description&quot;:[&quot;RESTEASY003650: No resource method found for POST, return 405 with Allow header&quot;],&quot;error&quot;:&quot;Http exception&quot;}]`

Reproduce with:

    curl -X POST -H 'Authorization: [Filtered]' https://hom.serproid.serpro.gov.br/oauth/v1/oauth/dispositivos/0/sessao-assinatura/0"/>
			<skipped type="skipped">No examples in schema</skipped>
		</testcase>
		<testcase name="POST /oauth/v1/oauth/dispositivos/{dispositivo}/sessao-assinatura/{idAutorizacao}/access-token" time="0.190257">
			<failure type="failure" message="1. Test Case ID: nA6NW7

- Undocumented HTTP status code

    Received: 405
    Documented: 200, 400, 401, 403, 404, 500

[405] Method Not Allowed:

    `[{&quot;error_description&quot;:[&quot;RESTEASY003650: No resource method found for POST, return 405 with Allow header&quot;],&quot;error&quot;:&quot;Http exception&quot;}]`

Reproduce with:

    curl -X POST 'https://hom.serproid.serpro.gov.br/oauth/v1/oauth/dispositivos/0/sessao-assinatura/0/access-token?dispositivoId=&amp;x-schemathesis-unknown-property=42'"/>
			<failure type="failure" message="1. Test Case ID: 1CiCbg

- API rejected schema-compliant request

    Valid data should have been accepted
    Expected: 2xx, 401, 403, 404, 409, 5xx

[405] Method Not Allowed:

    `[{&quot;error_description&quot;:[&quot;RESTEASY003650: No resource method found for POST, return 405 with Allow header&quot;],&quot;error&quot;:&quot;Http exception&quot;}]`

Reproduce with:

    curl -X POST -H 'Authorization: [Filtered]' https://hom.serproid.serpro.gov.br/oauth/v1/oauth/dispositivos/0/sessao-assinatura/0/access-token"/>
			<skipped type="skipped">No examples in schema</skipped>
		</testcase>
		<testcase name="POST /oauth/v1/oauth/dispositivos/{dispositivo}/v2/pedido/{numeroReferencia}/validar/biometria/instalacao" time="0.187954">
			<failure type="failure" message="1. Test Case ID: mIyQkb

- Undocumented HTTP status code

    Received: 415
    Documented: 200, 400, 401, 403, 404, 500

[415] Unsupported Media Type:

    `[{&quot;error_description&quot;:[&quot;RESTEASY003065: Cannot consume content type&quot;],&quot;error&quot;:&quot;Http exception&quot;}]`

Reproduce with:

    curl -X POST 'https://hom.serproid.serpro.gov.br/oauth/v1/oauth/dispositivos/0/v2/pedido/0/validar/biometria/instalacao?validacaoBiometriasFaciais=&amp;x-schemathesis-unknown-property=42'"/>
			<failure type="failure" message="1. Test Case ID: 8yHjRJ

- API rejected schema-compliant request

    Valid data should have been accepted
    Expected: 2xx, 401, 403, 404, 409, 5xx

[415] Unsupported Media Type:

    `[{&quot;error_description&quot;:[&quot;RESTEASY003065: Cannot consume content type&quot;],&quot;error&quot;:&quot;Http exception&quot;}]`

Reproduce with:

    curl -X POST -H 'Authorization: [Filtered]' https://hom.serproid.serpro.gov.br/oauth/v1/oauth/dispositivos/0/v2/pedido/0/validar/biometria/instalacao"/>
			<skipped type="skipped">No examples in schema</skipped>
		</testcase>
		<testcase name="PUT /oauth/v1/oauth/dispositivos/{dispositivo}/atualizar-cadastro-legado" time="0.200174">
			<failure type="failure" message="1. Test Case ID: ytz1Mr

- Undocumented HTTP status code

    Received: 415
    Documented: 200, 400, 401, 403, 404, 500

[415] Unsupported Media Type:

    `[{&quot;error_description&quot;:[&quot;RESTEASY003065: Cannot consume content type&quot;],&quot;error&quot;:&quot;Http exception&quot;}]`

Reproduce with:

    curl -X PUT 'https://hom.serproid.serpro.gov.br/oauth/v1/oauth/dispositivos/0/atualizar-cadastro-legado?dto=&amp;x-schemathesis-unknown-property=42'"/>
			<failure type="failure" message="1. Test Case ID: Okjrt7

- API rejected schema-compliant request

    Valid data should have been accepted
    Expected: 2xx, 401, 403, 404, 409, 5xx

[415] Unsupported Media Type:

    `[{&quot;error_description&quot;:[&quot;RESTEASY003065: Cannot consume content type&quot;],&quot;error&quot;:&quot;Http exception&quot;}]`

Reproduce with:

    curl -X PUT -H 'Authorization: [Filtered]' https://hom.serproid.serpro.gov.br/oauth/v1/oauth/dispositivos/0/atualizar-cadastro-legado"/>
			<skipped type="skipped">No examples in schema</skipped>
		</testcase>
		<testcase name="PUT /oauth/v1/oauth/dispositivos/{dispositivo}/atualizar-push-id" time="0.188410">
			<failure type="failure" message="1. Test Case ID: cyoKEp

- Undocumented HTTP status code

    Received: 406
    Documented: 200, 400, 401, 403, 404, 500

[406] Not Acceptable:

    `{&quot;code&quot;:&quot;VERSAO_APP_INCOMPATIVEL&quot;,&quot;msg&quot;:&quot;Versão da aplicação incompatível com a versão atual.&quot;,&quot;debug&quot;:&quot;&quot;}`

Reproduce with:

    curl -X PUT 'https://hom.serproid.serpro.gov.br/oauth/v1/oauth/dispositivos/0/atualizar-push-id?dto=&amp;x-schemathesis-unknown-property=42'"/>
			<failure type="failure" message="1. Test Case ID: qoJnOV

- API rejected schema-compliant request

    Valid data should have been accepted
    Expected: 2xx, 401, 403, 404, 409, 5xx

[406] Not Acceptable:

    `{&quot;code&quot;:&quot;VERSAO_APP_INCOMPATIVEL&quot;,&quot;msg&quot;:&quot;Versão da aplicação incompatível com a versão atual.&quot;,&quot;debug&quot;:&quot;&quot;}`

Reproduce with:

    curl -X PUT -H 'Authorization: [Filtered]' https://hom.serproid.serpro.gov.br/oauth/v1/oauth/dispositivos/0/atualizar-push-id"/>
			<skipped type="skipped">No examples in schema</skipped>
		</testcase>
		<testcase name="PUT /oauth/v1/oauth/dispositivos/{dispositivo}/renovar-atestado" time="0.188213">
			<failure type="failure" message="1. Test Case ID: jlTETh

- API rejected schema-compliant request

    Valid data should have been accepted
    Expected: 2xx, 401, 403, 404, 409, 5xx

- Undocumented HTTP status code

    Received: 415
    Documented: 200, 400, 401, 403, 404, 500

[415] Unsupported Media Type:

    `[{&quot;error_description&quot;:[&quot;RESTEASY003065: Cannot consume content type&quot;],&quot;error&quot;:&quot;Http exception&quot;}]`

Reproduce with:

    curl -X PUT 'https://hom.serproid.serpro.gov.br/oauth/v1/oauth/dispositivos/0/renovar-atestado?dispositivoId=&amp;appError='"/>
			<skipped type="skipped">No examples in schema</skipped>
		</testcase>
		<testcase name="PUT /oauth/v1/oauth/dispositivos/{dispositivo}/renovar-token" time="0.194832">
			<failure type="failure" message="1. Test Case ID: Abq9I5

- Undocumented HTTP status code

    Received: 405
    Documented: 200, 400, 401, 403, 404, 500

[405] Method Not Allowed:

    `[{&quot;error_description&quot;:[&quot;RESTEASY003650: No resource method found for PUT, return 405 with Allow header&quot;],&quot;error&quot;:&quot;Http exception&quot;}]`

Reproduce with:

    curl -X PUT 'https://hom.serproid.serpro.gov.br/oauth/v1/oauth/dispositivos/0/renovar-token?pushId=&amp;x-schemathesis-unknown-property=42'"/>
			<failure type="failure" message="1. Test Case ID: v2ub3a

- API rejected schema-compliant request

    Valid data should have been accepted
    Expected: 2xx, 401, 403, 404, 409, 5xx

[405] Method Not Allowed:

    `[{&quot;error_description&quot;:[&quot;RESTEASY003650: No resource method found for PUT, return 405 with Allow header&quot;],&quot;error&quot;:&quot;Http exception&quot;}]`

Reproduce with:

    curl -X PUT -H 'Authorization: [Filtered]' https://hom.serproid.serpro.gov.br/oauth/v1/oauth/dispositivos/0/renovar-token"/>
			<skipped type="skipped">No examples in schema</skipped>
		</testcase>
		<testcase name="GET /oauth/v1/oauth/authorize/dispositivo/{dispositivo}/authorization/info" time="0.195278">
			<failure type="failure" message="1. Test Case ID: kPtMLy

- Undocumented HTTP status code

    Received: 406
    Documented: 200, 400, 401, 403, 404, 500

[406] Not Acceptable:

    `{&quot;code&quot;:&quot;VERSAO_APP_INCOMPATIVEL&quot;,&quot;msg&quot;:&quot;Versão da aplicação incompatível com a versão atual.&quot;,&quot;debug&quot;:&quot;&quot;}`

Reproduce with:

    curl -X GET 'https://hom.serproid.serpro.gov.br/oauth/v1/oauth/authorize/dispositivo/0/authorization/info?tokenAuth=%5BFiltered%5D&amp;x-schemathesis-unknown-property=42'"/>
			<failure type="failure" message="1. Test Case ID: SHfpNG

- API rejected schema-compliant request

    Valid data should have been accepted
    Expected: 2xx, 401, 403, 404, 409, 5xx

[406] Not Acceptable:

    `{&quot;code&quot;:&quot;VERSAO_APP_INCOMPATIVEL&quot;,&quot;msg&quot;:&quot;Versão da aplicação incompatível com a versão atual.&quot;,&quot;debug&quot;:&quot;&quot;}`

Reproduce with:

    curl -X GET -H 'Authorization: [Filtered]' https://hom.serproid.serpro.gov.br/oauth/v1/oauth/authorize/dispositivo/0/authorization/info"/>
			<skipped type="skipped">No examples in schema</skipped>
		</testcase>
		<testcase name="GET /oauth/v1/oauth/dispositivos/{dispositivo}/access-token-sem-expiracao" time="0.196706">
			<failure type="failure" message="1. Test Case ID: fssQ1B

- Undocumented HTTP status code

    Received: 405
    Documented: 200, 400, 401, 403, 404, 500

[405] Method Not Allowed:

    `[{&quot;error_description&quot;:[&quot;RESTEASY003650: No resource method found for GET, return 405 with Allow header&quot;],&quot;error&quot;:&quot;Http exception&quot;}]`

Reproduce with:

    curl -X GET 'https://hom.serproid.serpro.gov.br/oauth/v1/oauth/dispositivos/0/access-token-sem-expiracao?dto=&amp;x-schemathesis-unknown-property=42'"/>
			<failure type="failure" message="1. Test Case ID: m1WHHd

- API rejected schema-compliant request

    Valid data should have been accepted
    Expected: 2xx, 401, 403, 404, 409, 5xx

[405] Method Not Allowed:

    `[{&quot;error_description&quot;:[&quot;RESTEASY003650: No resource method found for GET, return 405 with Allow header&quot;],&quot;error&quot;:&quot;Http exception&quot;}]`

Reproduce with:

    curl -X GET -H 'Authorization: [Filtered]' https://hom.serproid.serpro.gov.br/oauth/v1/oauth/dispositivos/0/access-token-sem-expiracao"/>
			<skipped type="skipped">No examples in schema</skipped>
		</testcase>
		<testcase name="GET /oauth/v1/oauth/dispositivos/{dispositivo}/aplicativos/assinatura" time="0.198813">
			<failure type="failure" message="1. Test Case ID: 7i3OEw

- Undocumented HTTP status code

    Received: 406
    Documented: 200, 400, 401, 403, 404, 500

[406] Not Acceptable:

    `{&quot;code&quot;:&quot;VERSAO_APP_INCOMPATIVEL&quot;,&quot;msg&quot;:&quot;Versão da aplicação incompatível com a versão atual.&quot;,&quot;debug&quot;:&quot;&quot;}`

Reproduce with:

    curl -X GET 'https://hom.serproid.serpro.gov.br/oauth/v1/oauth/dispositivos/0/aplicativos/assinatura?x-schemathesis-unknown-property=42'"/>
			<failure type="failure" message="1. Test Case ID: y4niqC

- API rejected schema-compliant request

    Valid data should have been accepted
    Expected: 2xx, 401, 403, 404, 409, 5xx

[406] Not Acceptable:

    `{&quot;code&quot;:&quot;VERSAO_APP_INCOMPATIVEL&quot;,&quot;msg&quot;:&quot;Versão da aplicação incompatível com a versão atual.&quot;,&quot;debug&quot;:&quot;&quot;}`

Reproduce with:

    curl -X GET -H 'Authorization: [Filtered]' https://hom.serproid.serpro.gov.br/oauth/v1/oauth/dispositivos/0/aplicativos/assinatura"/>
			<skipped type="skipped">No examples in schema</skipped>
		</testcase>
		<testcase name="GET /oauth/v1/oauth/dispositivos/{dispositivo}/aplicativos/assinatura/{id}" time="0.743071">
			<failure type="failure" message="1. Test Case ID: AZzOz4

- API rejected schema-compliant request

    Valid data should have been accepted
    Expected: 2xx, 401, 403, 404, 409, 5xx

- Undocumented HTTP status code

    Received: 406
    Documented: 200, 400, 401, 403, 404, 500

[406] Not Acceptable:

    `{&quot;code&quot;:&quot;VERSAO_APP_INCOMPATIVEL&quot;,&quot;msg&quot;:&quot;Versão da aplicação incompatível com a versão atual.&quot;,&quot;debug&quot;:&quot;&quot;}`

Reproduce with:

    curl -X GET 'https://hom.serproid.serpro.gov.br/oauth/v1/oauth/dispositivos/0/aplicativos/assinatura/0?dispositivoId='"/>
			<skipped type="skipped">No examples in schema</skipped>
		</testcase>
		<testcase name="GET /oauth/v1/oauth/dispositivos/{dispositivo}/aplicativos/autenticacao" time="0.194992">
			<failure type="failure" message="1. Test Case ID: hqUL8h

- Undocumented HTTP status code

    Received: 406
    Documented: 200, 400, 401, 403, 404, 500

[406] Not Acceptable:

    `{&quot;code&quot;:&quot;VERSAO_APP_INCOMPATIVEL&quot;,&quot;msg&quot;:&quot;Versão da aplicação incompatível com a versão atual.&quot;,&quot;debug&quot;:&quot;&quot;}`

Reproduce with:

    curl -X GET 'https://hom.serproid.serpro.gov.br/oauth/v1/oauth/dispositivos/0/aplicativos/autenticacao?x-schemathesis-unknown-property=42'"/>
			<failure type="failure" message="1. Test Case ID: iAAxCA

- API rejected schema-compliant request

    Valid data should have been accepted
    Expected: 2xx, 401, 403, 404, 409, 5xx

[406] Not Acceptable:

    `{&quot;code&quot;:&quot;VERSAO_APP_INCOMPATIVEL&quot;,&quot;msg&quot;:&quot;Versão da aplicação incompatível com a versão atual.&quot;,&quot;debug&quot;:&quot;&quot;}`

Reproduce with:

    curl -X GET -H 'Authorization: [Filtered]' https://hom.serproid.serpro.gov.br/oauth/v1/oauth/dispositivos/0/aplicativos/autenticacao"/>
			<skipped type="skipped">No examples in schema</skipped>
		</testcase>
		<testcase name="GET /oauth/v1/oauth/dispositivos/{dispositivo}/aplicativos/autenticacao/{id}" time="0.734097">
			<failure type="failure" message="1. Test Case ID: CjZbCR

- API rejected schema-compliant request

    Valid data should have been accepted
    Expected: 2xx, 401, 403, 404, 409, 5xx

- Undocumented HTTP status code

    Received: 406
    Documented: 200, 400, 401, 403, 404, 500

[406] Not Acceptable:

    `{&quot;code&quot;:&quot;VERSAO_APP_INCOMPATIVEL&quot;,&quot;msg&quot;:&quot;Versão da aplicação incompatível com a versão atual.&quot;,&quot;debug&quot;:&quot;&quot;}`

Reproduce with:

    curl -X GET 'https://hom.serproid.serpro.gov.br/oauth/v1/oauth/dispositivos/0/aplicativos/autenticacao/0?dispositivoId='"/>
			<skipped type="skipped">No examples in schema</skipped>
		</testcase>
		<testcase name="GET /oauth/v1/oauth/dispositivos/{dispositivo}/certificados" time="0.728723">
			<failure type="failure" message="1. Test Case ID: WASJ2u

- API rejected schema-compliant request

    Valid data should have been accepted
    Expected: 2xx, 401, 403, 404, 409, 5xx

- Undocumented HTTP status code

    Received: 406
    Documented: 200, 400, 401, 403, 404, 500

[406] Not Acceptable:

    `{&quot;code&quot;:&quot;VERSAO_APP_INCOMPATIVEL&quot;,&quot;msg&quot;:&quot;Versão da aplicação incompatível com a versão atual.&quot;,&quot;debug&quot;:&quot;&quot;}`

Reproduce with:

    curl -X GET 'https://hom.serproid.serpro.gov.br/oauth/v1/oauth/dispositivos/0/certificados?id='"/>
			<skipped type="skipped">No examples in schema</skipped>
		</testcase>
		<testcase name="GET /oauth/v1/oauth/dispositivos/{dispositivo}/certificados/{certificadoId}/email-recuperacao/verificar" time="0.195059">
			<failure type="failure" message="1. Test Case ID: g4tFlW

- Undocumented HTTP status code

    Received: 405
    Documented: 200, 400, 401, 403, 404, 500

[405] Method Not Allowed:

    `[{&quot;error_description&quot;:[&quot;RESTEASY003650: No resource method found for GET, return 405 with Allow header&quot;],&quot;error&quot;:&quot;Http exception&quot;}]`

Reproduce with:

    curl -X GET 'https://hom.serproid.serpro.gov.br/oauth/v1/oauth/dispositivos/0/certificados/0/email-recuperacao/verificar?verificacaoEmail=&amp;x-schemathesis-unknown-property=42'"/>
			<failure type="failure" message="1. Test Case ID: vgdJxi

- API rejected schema-compliant request

    Valid data should have been accepted
    Expected: 2xx, 401, 403, 404, 409, 5xx

[405] Method Not Allowed:

    `[{&quot;error_description&quot;:[&quot;RESTEASY003650: No resource method found for GET, return 405 with Allow header&quot;],&quot;error&quot;:&quot;Http exception&quot;}]`

Reproduce with:

    curl -X GET -H 'Authorization: [Filtered]' https://hom.serproid.serpro.gov.br/oauth/v1/oauth/dispositivos/0/certificados/0/email-recuperacao/verificar"/>
			<skipped type="skipped">No examples in schema</skipped>
		</testcase>
		<testcase name="GET /oauth/v1/oauth/dispositivos/{dispositivo}/certificados/{certificadoId}/sessoes-assinatura" time="0.808470">
			<failure type="failure" message="1. Test Case ID: KXGVO9

- API rejected schema-compliant request

    Valid data should have been accepted
    Expected: 2xx, 401, 403, 404, 409, 5xx

- Undocumented HTTP status code

    Received: 406
    Documented: 200, 400, 401, 403, 404, 500

[406] Not Acceptable:

    `{&quot;code&quot;:&quot;VERSAO_APP_INCOMPATIVEL&quot;,&quot;msg&quot;:&quot;Versão da aplicação incompatível com a versão atual.&quot;,&quot;debug&quot;:&quot;&quot;}`

Reproduce with:

    curl -X GET 'https://hom.serproid.serpro.gov.br/oauth/v1/oauth/dispositivos/0/certificados/0/sessoes-assinatura?dispositivoId='"/>
			<skipped type="skipped">No examples in schema</skipped>
		</testcase>
		<testcase name="GET /oauth/v1/oauth/dispositivos/{dispositivo}/certificados/{id}/dispositivos" time="0.827713">
			<failure type="failure" message="1. Test Case ID: 7dc9Jg

- API rejected schema-compliant request

    Valid data should have been accepted
    Expected: 2xx, 401, 403, 404, 409, 5xx

- Undocumented HTTP status code

    Received: 406
    Documented: 200, 400, 401, 403, 404, 500

[406] Not Acceptable:

    `{&quot;code&quot;:&quot;VERSAO_APP_INCOMPATIVEL&quot;,&quot;msg&quot;:&quot;Versão da aplicação incompatível com a versão atual.&quot;,&quot;debug&quot;:&quot;&quot;}`

Reproduce with:

    curl -X GET 'https://hom.serproid.serpro.gov.br/oauth/v1/oauth/dispositivos/0/certificados/0/dispositivos?certificadoId='"/>
			<skipped type="skipped">No examples in schema</skipped>
		</testcase>
		<testcase name="GET /oauth/v1/oauth/dispositivos/{dispositivo}/drivers/assinatura" time="0.190423">
			<failure type="failure" message="1. Test Case ID: vkH7po

- Undocumented HTTP status code

    Received: 406
    Documented: 200, 400, 401, 403, 404, 500

[406] Not Acceptable:

    `{&quot;code&quot;:&quot;VERSAO_APP_INCOMPATIVEL&quot;,&quot;msg&quot;:&quot;Versão da aplicação incompatível com a versão atual.&quot;,&quot;debug&quot;:&quot;&quot;}`

Reproduce with:

    curl -X GET 'https://hom.serproid.serpro.gov.br/oauth/v1/oauth/dispositivos/0/drivers/assinatura?x-schemathesis-unknown-property=42'"/>
			<failure type="failure" message="1. Test Case ID: zViGft

- API rejected schema-compliant request

    Valid data should have been accepted
    Expected: 2xx, 401, 403, 404, 409, 5xx

[406] Not Acceptable:

    `{&quot;code&quot;:&quot;VERSAO_APP_INCOMPATIVEL&quot;,&quot;msg&quot;:&quot;Versão da aplicação incompatível com a versão atual.&quot;,&quot;debug&quot;:&quot;&quot;}`

Reproduce with:

    curl -X GET -H 'Authorization: [Filtered]' https://hom.serproid.serpro.gov.br/oauth/v1/oauth/dispositivos/0/drivers/assinatura"/>
			<skipped type="skipped">No examples in schema</skipped>
		</testcase>
		<testcase name="GET /oauth/v1/oauth/dispositivos/{dispositivo}/drivers/solicitacoes-assinatura-pendentes" time="0.820966">
			<failure type="failure" message="1. Test Case ID: guiB3a

- API rejected schema-compliant request

    Valid data should have been accepted
    Expected: 2xx, 401, 403, 404, 409, 5xx

- Undocumented HTTP status code

    Received: 406
    Documented: 200, 400, 401, 403, 404, 500

[406] Not Acceptable:

    `{&quot;code&quot;:&quot;VERSAO_APP_INCOMPATIVEL&quot;,&quot;msg&quot;:&quot;Versão da aplicação incompatível com a versão atual.&quot;,&quot;debug&quot;:&quot;&quot;}`

Reproduce with:

    curl -X GET 'https://hom.serproid.serpro.gov.br/oauth/v1/oauth/dispositivos/0/drivers/solicitacoes-assinatura-pendentes?dispositivoId='"/>
			<skipped type="skipped">No examples in schema</skipped>
		</testcase>
		<testcase name="GET /oauth/v1/oauth/dispositivos/{dispositivo}/maquinas" time="0.719661">
			<failure type="failure" message="1. Test Case ID: 3Tl5mZ

- API rejected schema-compliant request

    Valid data should have been accepted
    Expected: 2xx, 401, 403, 404, 409, 5xx

- Undocumented HTTP status code

    Received: 406
    Documented: 200, 400, 401, 403, 404, 500

[406] Not Acceptable:

    `{&quot;code&quot;:&quot;VERSAO_APP_INCOMPATIVEL&quot;,&quot;msg&quot;:&quot;Versão da aplicação incompatível com a versão atual.&quot;,&quot;debug&quot;:&quot;&quot;}`

Reproduce with:

    curl -X GET 'https://hom.serproid.serpro.gov.br/oauth/v1/oauth/dispositivos/0/maquinas?dispositivoId='"/>
			<skipped type="skipped">No examples in schema</skipped>
		</testcase>
		<testcase name="GET /oauth/v1/oauth/dispositivos/{dispositivo}/transacoes/{certificadoId}" time="0.810608">
			<failure type="failure" message="1. Test Case ID: U7Onfd

- API rejected schema-compliant request

    Valid data should have been accepted
    Expected: 2xx, 401, 403, 404, 409, 5xx

- Undocumented HTTP status code

    Received: 406
    Documented: 200, 400, 401, 403, 404, 500

[406] Not Acceptable:

    `{&quot;code&quot;:&quot;VERSAO_APP_INCOMPATIVEL&quot;,&quot;msg&quot;:&quot;Versão da aplicação incompatível com a versão atual.&quot;,&quot;debug&quot;:&quot;&quot;}`

Reproduce with:

    curl -X GET 'https://hom.serproid.serpro.gov.br/oauth/v1/oauth/dispositivos/0/transacoes/0?dispositivoId='"/>
			<skipped type="skipped">No examples in schema</skipped>
		</testcase>
		<testcase name="GET /oauth/v1/oauth/drivers/assinatura/{id}" time="0.824043">
			<failure type="failure" message="1. Test Case ID: ygAGXo

- API rejected schema-compliant request

    Valid data should have been accepted
    Expected: 2xx, 401, 403, 404, 409, 5xx

- Undocumented HTTP status code

    Received: 412
    Documented: 200, 400, 401, 403, 404, 500

[412] Precondition Failed:

    `{&quot;code&quot;:&quot;UUID_NAO_INFORMADO&quot;,&quot;msg&quot;:&quot;UUID não foi informado&quot;,&quot;debug&quot;:&quot;&quot;}`

Reproduce with:

    curl -X GET 'https://hom.serproid.serpro.gov.br/oauth/v1/oauth/drivers/assinatura/0?solicitacaoId='"/>
			<skipped type="skipped">No examples in schema</skipped>
		</testcase>
		<testcase name="Stateful tests" time="16.550537"/>
	</testsuite>
</testsuites>
